#
# There is insufficient memory for the Java Runtime Environment to continue.
# Native memory allocation (malloc) failed to allocate 32744 bytes for ChunkPool::allocate
# Possible reasons:
#   The system is out of physical RAM or swap space
#   In 32 bit mode, the process size limit was hit
# Possible solutions:
#   Reduce memory load on the system
#   Increase physical memory or swap space
#   Check if swap backing store is full
#   Use 64 bit Java on a 64 bit OS
#   Decrease Java heap size (-Xmx/-Xms)
#   Decrease number of Java threads
#   Decrease Java thread stack sizes (-Xss)
#   Set larger code cache with -XX:ReservedCodeCacheSize=
# This output file may be truncated or incomplete.
#
#  Out of Memory Error (allocation.cpp:273), pid=7600, tid=7276
#
# JRE version: Java(TM) SE Runtime Environment (8.0_65-b17) (build 1.8.0_65-b17)
# Java VM: Java HotSpot(TM) 64-Bit Server VM (25.65-b01 mixed mode windows-amd64 compressed oops)
# Failed to write core dump. Minidumps are not enabled by default on client versions of Windows
#

---------------  T H R E A D  ---------------

Current thread (0x0000000058998000):  JavaThread "C2 CompilerThread0" daemon [_thread_in_native, id=7276, stack(0x0000000059180000,0x0000000059280000)]

Stack: [0x0000000059180000,0x0000000059280000]
[error occurred during error reporting (printing stack bounds), id 0xc0000005]

Native frames: (J=compiled Java code, j=interpreted, Vv=VM code, C=native code)


Current CompileTask:
C2:  10180 3856       4       java.net.URLClassLoader$1::run (5 bytes)


---------------  P R O C E S S  ---------------

Java Threads: ( => current thread )
  0x0000000058a2f000 JavaThread "Service Thread" daemon [_thread_blocked, id=5792, stack(0x0000000058eb0000,0x0000000058fb0000)]
  0x000000005899c800 JavaThread "C1 CompilerThread2" daemon [_thread_blocked, id=7108, stack(0x0000000059520000,0x0000000059620000)]
  0x000000005899b800 JavaThread "C2 CompilerThread1" daemon [_thread_in_native, id=5852, stack(0x0000000059330000,0x0000000059430000)]
=>0x0000000058998000 JavaThread "C2 CompilerThread0" daemon [_thread_in_native, id=7276, stack(0x0000000059180000,0x0000000059280000)]
  0x000000005898b800 JavaThread "Attach Listener" daemon [_thread_blocked, id=1680, stack(0x0000000059050000,0x0000000059150000)]
  0x000000005898a800 JavaThread "Signal Dispatcher" daemon [_thread_blocked, id=8276, stack(0x0000000058db0000,0x0000000058eb0000)]
  0x00000000576a6800 JavaThread "Finalizer" daemon [_thread_blocked, id=912, stack(0x0000000058880000,0x0000000058980000)]
  0x000000005769f800 JavaThread "Reference Handler" daemon [_thread_blocked, id=5624, stack(0x0000000058660000,0x0000000058760000)]
  0x000000000014d800 JavaThread "main" [_thread_in_native, id=4280, stack(0x0000000002700000,0x0000000002800000)]

Other Threads:
  0x000000005769a000 VMThread [stack: 0x0000000058550000,0x0000000058650000] [id=5536]
  0x0000000058a5d000 WatcherThread [stack: 0x0000000059710000,0x0000000059810000] [id=1180]

VM state:not at safepoint (normal execution)

VM Mutex/Monitor currently owned by a thread: None

Heap:
 PSYoungGen      total 138240K, used 14366K [0x00000000d5b80000, 0x00000000e7d80000, 0x0000000100000000)
  eden space 133120K, 10% used [0x00000000d5b80000,0x00000000d6987828,0x00000000ddd80000)
  from space 5120K, 0% used [0x00000000ddd80000,0x00000000ddd80000,0x00000000de280000)
  to   space 15360K, 0% used [0x00000000e6e80000,0x00000000e6e80000,0x00000000e7d80000)
 ParOldGen       total 78848K, used 19535K [0x0000000081200000, 0x0000000085f00000, 0x00000000d5b80000)
  object space 78848K, 24% used [0x0000000081200000,0x0000000082513ff0,0x0000000085f00000)
 Metaspace       used 20938K, capacity 21788K, committed 22016K, reserved 1069056K
  class space    used 2565K, capacity 2811K, committed 2816K, reserved 1048576K

Card table byte_map: [0x0000000011bc0000,0x0000000011fc0000] byte_map_base: 0x00000000117b7000

Marking Bits: (ParMarkBitMap*) 0x000000005a9aa5b0
 Begin Bits: [0x00000000129a0000, 0x0000000014958000)
 End Bits:   [0x0000000014958000, 0x0000000016910000)

Polling page: 0x0000000000120000

CodeCache: size=245760Kb used=12843Kb max_used=13654Kb free=232916Kb
 bounds [0x0000000002800000, 0x0000000003570000, 0x0000000011800000]
 total_blobs=3942 nmethods=3592 adapters=262
 compilation: enabled

Compilation events (10 events):
Event: 10.127 Thread 0x000000005899c800 3929   !   3       sun.net.www.protocol.jar.JarFileFactory::get (216 bytes)
Event: 10.130 Thread 0x000000005899c800 nmethod 3929 0x0000000002d402d0 code [0x0000000002d40720, 0x0000000002d42f98]
Event: 10.130 Thread 0x000000005899c800 3930       3       java.net.JarURLConnection::parseSpecs (105 bytes)
Event: 10.131 Thread 0x000000005899c800 nmethod 3930 0x000000000293b790 code [0x000000000293ba00, 0x000000000293cac8]
Event: 10.131 Thread 0x000000005899c800 3931       3       sun.net.www.protocol.jar.URLJarFile::getEntry (69 bytes)
Event: 10.133 Thread 0x000000005899c800 nmethod 3931 0x0000000002d789d0 code [0x0000000002d78ca0, 0x0000000002d7a218]
Event: 10.133 Thread 0x000000005899c800 3932       3       java.util.jar.JarEntry::<init> (6 bytes)
Event: 10.133 Thread 0x000000005899c800 nmethod 3932 0x0000000002a33210 code [0x0000000002a33380, 0x0000000002a33508]
Event: 10.158 Thread 0x000000005899c800 3933   !   2       java.util.zip.InflaterInputStream::read (138 bytes)
Event: 10.159 Thread 0x000000005899c800 nmethod 3933 0x0000000002c9a690 code [0x0000000002c9a8c0, 0x0000000002c9b3e8]

GC Heap History (10 events):
Event: 2.032 GC heap before
{Heap before GC invocations=2 (full 0):
 PSYoungGen      total 38400K, used 38038K [0x00000000d5b80000, 0x00000000da680000, 0x0000000100000000)
  eden space 33280K, 100% used [0x00000000d5b80000,0x00000000d7c00000,0x00000000d7c00000)
  from space 5120K, 92% used [0x00000000d7c00000,0x00000000d80a5b30,0x00000000d8100000)
  to   space 5120K, 0% used [0x00000000da180000,0x00000000da180000,0x00000000da680000)
 ParOldGen       total 87552K, used 8K [0x0000000081200000, 0x0000000086780000, 0x00000000d5b80000)
  object space 87552K, 0% used [0x0000000081200000,0x0000000081202000,0x0000000086780000)
 Metaspace       used 11532K, capacity 11738K, committed 11904K, reserved 1058816K
  class space    used 1468K, capacity 1545K, committed 1664K, reserved 1048576K
Event: 2.044 GC heap after
Heap after GC invocations=2 (full 0):
 PSYoungGen      total 71680K, used 5116K [0x00000000d5b80000, 0x00000000da680000, 0x0000000100000000)
  eden space 66560K, 0% used [0x00000000d5b80000,0x00000000d5b80000,0x00000000d9c80000)
  from space 5120K, 99% used [0x00000000da180000,0x00000000da67f040,0x00000000da680000)
  to   space 5120K, 0% used [0x00000000d9c80000,0x00000000d9c80000,0x00000000da180000)
 ParOldGen       total 87552K, used 2332K [0x0000000081200000, 0x0000000086780000, 0x00000000d5b80000)
  object space 87552K, 2% used [0x0000000081200000,0x0000000081447198,0x0000000086780000)
 Metaspace       used 11532K, capacity 11738K, committed 11904K, reserved 1058816K
  class space    used 1468K, capacity 1545K, committed 1664K, reserved 1048576K
}
Event: 4.650 GC heap before
{Heap before GC invocations=3 (full 0):
 PSYoungGen      total 71680K, used 71676K [0x00000000d5b80000, 0x00000000da680000, 0x0000000100000000)
  eden space 66560K, 100% used [0x00000000d5b80000,0x00000000d9c80000,0x00000000d9c80000)
  from space 5120K, 99% used [0x00000000da180000,0x00000000da67f040,0x00000000da680000)
  to   space 5120K, 0% used [0x00000000d9c80000,0x00000000d9c80000,0x00000000da180000)
 ParOldGen       total 87552K, used 2332K [0x0000000081200000, 0x0000000086780000, 0x00000000d5b80000)
  object space 87552K, 2% used [0x0000000081200000,0x0000000081447198,0x0000000086780000)
 Metaspace       used 15052K, capacity 15320K, committed 15488K, reserved 1062912K
  class space    used 1808K, capacity 1918K, committed 1920K, reserved 1048576K
Event: 4.695 GC heap after
Heap after GC invocations=3 (full 0):
 PSYoungGen      total 71680K, used 5096K [0x00000000d5b80000, 0x00000000de780000, 0x0000000100000000)
  eden space 66560K, 0% used [0x00000000d5b80000,0x00000000d5b80000,0x00000000d9c80000)
  from space 5120K, 99% used [0x00000000d9c80000,0x00000000da17a040,0x00000000da180000)
  to   space 5120K, 0% used [0x00000000de280000,0x00000000de280000,0x00000000de780000)
 ParOldGen       total 87552K, used 7050K [0x0000000081200000, 0x0000000086780000, 0x00000000d5b80000)
  object space 87552K, 8% used [0x0000000081200000,0x00000000818e2928,0x0000000086780000)
 Metaspace       used 15052K, capacity 15320K, committed 15488K, reserved 1062912K
  class space    used 1808K, capacity 1918K, committed 1920K, reserved 1048576K
}
Event: 7.199 GC heap before
{Heap before GC invocations=4 (full 0):
 PSYoungGen      total 71680K, used 71656K [0x00000000d5b80000, 0x00000000de780000, 0x0000000100000000)
  eden space 66560K, 100% used [0x00000000d5b80000,0x00000000d9c80000,0x00000000d9c80000)
  from space 5120K, 99% used [0x00000000d9c80000,0x00000000da17a040,0x00000000da180000)
  to   space 5120K, 0% used [0x00000000de280000,0x00000000de280000,0x00000000de780000)
 ParOldGen       total 87552K, used 7050K [0x0000000081200000, 0x0000000086780000, 0x00000000d5b80000)
  object space 87552K, 8% used [0x0000000081200000,0x00000000818e2928,0x0000000086780000)
 Metaspace       used 18060K, capacity 18644K, committed 18816K, reserved 1064960K
  class space    used 2156K, capacity 2344K, committed 2432K, reserved 1048576K
Event: 7.221 GC heap after
Heap after GC invocations=4 (full 0):
 PSYoungGen      total 138240K, used 5096K [0x00000000d5b80000, 0x00000000de780000, 0x0000000100000000)
  eden space 133120K, 0% used [0x00000000d5b80000,0x00000000d5b80000,0x00000000ddd80000)
  from space 5120K, 99% used [0x00000000de280000,0x00000000de77a040,0x00000000de780000)
  to   space 5120K, 0% used [0x00000000ddd80000,0x00000000ddd80000,0x00000000de280000)
 ParOldGen       total 87552K, used 13288K [0x0000000081200000, 0x0000000086780000, 0x00000000d5b80000)
  object space 87552K, 15% used [0x0000000081200000,0x0000000081efa300,0x0000000086780000)
 Metaspace       used 18060K, capacity 18644K, committed 18816K, reserved 1064960K
  class space    used 2156K, capacity 2344K, committed 2432K, reserved 1048576K
}
Event: 9.347 GC heap before
{Heap before GC invocations=5 (full 0):
 PSYoungGen      total 138240K, used 85083K [0x00000000d5b80000, 0x00000000de780000, 0x0000000100000000)
  eden space 133120K, 60% used [0x00000000d5b80000,0x00000000da99cfb0,0x00000000ddd80000)
  from space 5120K, 99% used [0x00000000de280000,0x00000000de77a040,0x00000000de780000)
  to   space 5120K, 0% used [0x00000000ddd80000,0x00000000ddd80000,0x00000000de280000)
 ParOldGen       total 87552K, used 13288K [0x0000000081200000, 0x0000000086780000, 0x00000000d5b80000)
  object space 87552K, 15% used [0x0000000081200000,0x0000000081efa300,0x0000000086780000)
 Metaspace       used 20308K, capacity 21116K, committed 21248K, reserved 1067008K
  class space    used 2478K, capacity 2739K, committed 2816K, reserved 1048576K
Event: 9.379 GC heap after
Heap after GC invocations=5 (full 0):
 PSYoungGen      total 138240K, used 5112K [0x00000000d5b80000, 0x00000000e7d80000, 0x0000000100000000)
  eden space 133120K, 0% used [0x00000000d5b80000,0x00000000d5b80000,0x00000000ddd80000)
  from space 5120K, 99% used [0x00000000ddd80000,0x00000000de27e030,0x00000000de280000)
  to   space 15360K, 0% used [0x00000000e6e80000,0x00000000e6e80000,0x00000000e7d80000)
 ParOldGen       total 87552K, used 20782K [0x0000000081200000, 0x0000000086780000, 0x00000000d5b80000)
  object space 87552K, 23% used [0x0000000081200000,0x000000008264ba40,0x0000000086780000)
 Metaspace       used 20308K, capacity 21116K, committed 21248K, reserved 1067008K
  class space    used 2478K, capacity 2739K, committed 2816K, reserved 1048576K
}
Event: 9.379 GC heap before
{Heap before GC invocations=6 (full 1):
 PSYoungGen      total 138240K, used 5112K [0x00000000d5b80000, 0x00000000e7d80000, 0x0000000100000000)
  eden space 133120K, 0% used [0x00000000d5b80000,0x00000000d5b80000,0x00000000ddd80000)
  from space 5120K, 99% used [0x00000000ddd80000,0x00000000de27e030,0x00000000de280000)
  to   space 15360K, 0% used [0x00000000e6e80000,0x00000000e6e80000,0x00000000e7d80000)
 ParOldGen       total 87552K, used 20782K [0x0000000081200000, 0x0000000086780000, 0x00000000d5b80000)
  object space 87552K, 23% used [0x0000000081200000,0x000000008264ba40,0x0000000086780000)
 Metaspace       used 20308K, capacity 21116K, committed 21248K, reserved 1067008K
  class space    used 2478K, capacity 2739K, committed 2816K, reserved 1048576K
Event: 9.532 GC heap after
Heap after GC invocations=6 (full 1):
 PSYoungGen      total 138240K, used 0K [0x00000000d5b80000, 0x00000000e7d80000, 0x0000000100000000)
  eden space 133120K, 0% used [0x00000000d5b80000,0x00000000d5b80000,0x00000000ddd80000)
  from space 5120K, 0% used [0x00000000ddd80000,0x00000000ddd80000,0x00000000de280000)
  to   space 15360K, 0% used [0x00000000e6e80000,0x00000000e6e80000,0x00000000e7d80000)
 ParOldGen       total 78848K, used 19535K [0x0000000081200000, 0x0000000085f00000, 0x00000000d5b80000)
  object space 78848K, 24% used [0x0000000081200000,0x0000000082513ff0,0x0000000085f00000)
 Metaspace       used 20308K, capacity 21116K, committed 21248K, reserved 1067008K
  class space    used 2478K, capacity 2739K, committed 2816K, reserved 1048576K
}

Deoptimization events (10 events):
Event: 8.269 Thread 0x000000000014d800 Uncommon trap: reason=class_check action=maybe_recompile pc=0x0000000002eb1d24 method=org.apache.maven.model.interpolation.StringSearchModelInterpolator$InterpolateObjectAction$MapField.doInterpolate(Ljava/lang/Object;Lorg/apache/maven/model/interpolation/Ú«™!@
Event: 8.561 Thread 0x000000000014d800 Uncommon trap: reason=unstable_if action=reinterpret pc=0x0000000002ff8184 method=org.codehaus.plexus.util.xml.pull.MXParser.parseAttribute()C @ 995
Event: 9.673 Thread 0x000000000014d800 Uncommon trap: reason=class_check action=maybe_recompile pc=0x00000000034315ac method=java.util.Hashtable.put(Ljava/lang/Object;Ljava/lang/Object;)Ljava/lang/Object; @ 60
Event: 9.673 Thread 0x000000000014d800 Uncommon trap: reason=class_check action=maybe_recompile pc=0x00000000034315ac method=java.util.Hashtable.put(Ljava/lang/Object;Ljava/lang/Object;)Ljava/lang/Object; @ 60
Event: 9.676 Thread 0x000000000014d800 Uncommon trap: reason=class_check action=maybe_recompile pc=0x0000000002e238c8 method=java.util.Hashtable.addEntry(ILjava/lang/Object;Ljava/lang/Object;I)V @ 38
Event: 9.691 Thread 0x000000000014d800 Uncommon trap: reason=class_check action=maybe_recompile pc=0x0000000002e238c8 method=java.util.Hashtable.addEntry(ILjava/lang/Object;Ljava/lang/Object;I)V @ 38
Event: 9.701 Thread 0x000000000014d800 Uncommon trap: reason=class_check action=maybe_recompile pc=0x000000000321a540 method=java.util.zip.InflaterInputStream.read([BII)I @ 100
Event: 9.702 Thread 0x000000000014d800 Uncommon trap: reason=class_check action=maybe_recompile pc=0x000000000321a540 method=java.util.zip.InflaterInputStream.read([BII)I @ 100
Event: 9.708 Thread 0x000000000014d800 Uncommon trap: reason=class_check action=maybe_recompile pc=0x000000000321a540 method=java.util.zip.InflaterInputStream.read([BII)I @ 100
Event: 9.712 Thread 0x000000000014d800 Uncommon trap: reason=class_check action=maybe_recompile pc=0x000000000321a540 method=java.util.zip.InflaterInputStream.read([BII)I @ 100

Internal exceptions (10 events):
Event: 7.677 Thread 0x000000000014d800 Exception <a 'java/lang/NullPointerException'> (0x00000000d6be4678) thrown at [C:\workspace\8-2-build-windows-amd64-cygwin\jdk8u65\4987\hotspot\src\share\vm\interpreter\linkResolver.cpp, line 1178]
Event: 7.677 Thread 0x000000000014d800 Exception <a 'java/lang/NullPointerException'> (0x00000000d6be4a78) thrown at [C:\workspace\8-2-build-windows-amd64-cygwin\jdk8u65\4987\hotspot\src\share\vm\interpreter\linkResolver.cpp, line 1178]
Event: 7.677 Thread 0x000000000014d800 Exception <a 'java/lang/NullPointerException'> (0x00000000d6be5510) thrown at [C:\workspace\8-2-build-windows-amd64-cygwin\jdk8u65\4987\hotspot\src\share\vm\interpreter\linkResolver.cpp, line 1178]
Event: 7.677 Thread 0x000000000014d800 Exception <a 'java/lang/NullPointerException'> (0x00000000d6be5910) thrown at [C:\workspace\8-2-build-windows-amd64-cygwin\jdk8u65\4987\hotspot\src\share\vm\interpreter\linkResolver.cpp, line 1178]
Event: 7.677 Thread 0x000000000014d800 Exception <a 'java/lang/NullPointerException'> (0x00000000d6be5d10) thrown at [C:\workspace\8-2-build-windows-amd64-cygwin\jdk8u65\4987\hotspot\src\share\vm\interpreter\linkResolver.cpp, line 1178]
Event: 7.717 Thread 0x000000000014d800 Implicit null exception at 0x00000000032ca890 to 0x00000000032cbdbd
Event: 8.028 Thread 0x000000000014d800 Implicit null exception at 0x0000000003381924 to 0x0000000003384979
Event: 8.028 Thread 0x000000000014d800 Implicit null exception at 0x00000000033d5f27 to 0x00000000033d8311
Event: 9.561 Thread 0x000000000014d800 Exception <a 'java/lang/NoClassDefFoundError': org/codehaus/plexus/util/interpolation/ValueSource> (0x00000000d5c66978) thrown at [C:\workspace\8-2-build-windows-amd64-cygwin\jdk8u65\4987\hotspot\src\share\vm\classfile\systemDictionary.cpp, line 199]
Event: 9.618 Thread 0x000000000014d800 Exception <a 'java/lang/NoClassDefFoundError': org/sonatype/aether/graph/DependencyNode> (0x00000000d5ec4a80) thrown at [C:\workspace\8-2-build-windows-amd64-cygwin\jdk8u65\4987\hotspot\src\share\vm\classfile\systemDictionary.cpp, line 199]

Events (10 events):
Event: 10.155 loading class org/apache/maven/shared/filtering/MavenFileFilter
Event: 10.155 loading class org/apache/maven/shared/filtering/MavenFileFilter done
Event: 10.155 loading class org/apache/maven/shared/filtering/MavenFileFilter
Event: 10.155 loading class org/apache/maven/shared/filtering/MavenFileFilter done
Event: 10.162 loading class org/apache/maven/shared/filtering/MavenResourcesFiltering
Event: 10.162 loading class org/apache/maven/shared/filtering/MavenResourcesFiltering done
Event: 10.162 loading class org/apache/maven/shared/filtering/MavenResourcesFiltering
Event: 10.162 loading class org/apache/maven/shared/filtering/MavenResourcesFiltering done
Event: 10.162 loading class org/apache/maven/shared/filtering/MavenResourcesFiltering
Event: 10.162 loading class org/apache/maven/shared/filtering/MavenResourcesFiltering done


Dynamic libraries:
0x000000013f100000 - 0x000000013f137000 	D:\jre8\bin\javaw.exe
0x0000000077810000 - 0x00000000779b9000 	C:\windows\SYSTEM32\ntdll.dll
0x00000000776f0000 - 0x0000000077810000 	C:\windows\system32\kernel32.dll
0x000007fefd8b0000 - 0x000007fefd91c000 	C:\windows\system32\KERNELBASE.dll
0x000007fefe7d0000 - 0x000007fefe8ab000 	C:\windows\system32\ADVAPI32.dll
0x000007fefd990000 - 0x000007fefda2f000 	C:\windows\system32\msvcrt.dll
0x000007fefec40000 - 0x000007fefec5f000 	C:\windows\SYSTEM32\sechost.dll
0x000007fefed80000 - 0x000007fefeead000 	C:\windows\system32\RPCRT4.dll
0x00000000775f0000 - 0x00000000776ea000 	C:\windows\system32\USER32.dll
0x000007fefed10000 - 0x000007fefed77000 	C:\windows\system32\GDI32.dll
0x000007fefed00000 - 0x000007fefed0e000 	C:\windows\system32\LPK.dll
0x000007feff330000 - 0x000007feff3fa000 	C:\windows\system32\USP10.dll
0x000007fefc610000 - 0x000007fefc804000 	C:\windows\WinSxS\amd64_microsoft.windows.common-controls_6595b64144ccf1df_6.0.7601.18837_none_fa3b1e3d17594757\COMCTL32.dll
0x000007fefebc0000 - 0x000007fefec31000 	C:\windows\system32\SHLWAPI.dll
0x000007feff300000 - 0x000007feff32e000 	C:\windows\system32\IMM32.DLL
0x000007feff6d0000 - 0x000007feff7d9000 	C:\windows\system32\MSCTF.dll
0x000000005b1e0000 - 0x000000005b2b2000 	D:\jre8\bin\msvcr100.dll
0x000000005a1a0000 - 0x000000005aa29000 	D:\jre8\bin\server\jvm.dll
0x000007fef7b60000 - 0x000007fef7b69000 	C:\windows\system32\WSOCK32.dll
0x000007feff7e0000 - 0x000007feff82d000 	C:\windows\system32\WS2_32.dll
0x000007fefda30000 - 0x000007fefda38000 	C:\windows\system32\NSI.dll
0x000007fefbb40000 - 0x000007fefbb7b000 	C:\windows\system32\WINMM.dll
0x000007fefc330000 - 0x000007fefc33c000 	C:\windows\system32\VERSION.dll
0x00000000779d0000 - 0x00000000779d7000 	C:\windows\system32\PSAPI.DLL
0x00000000733d0000 - 0x00000000733df000 	D:\jre8\bin\verify.dll
0x000000006f7a0000 - 0x000000006f7c9000 	D:\jre8\bin\java.dll
0x000000006ee90000 - 0x000000006eea6000 	D:\jre8\bin\zip.dll
0x000007fefda40000 - 0x000007fefe7c9000 	C:\windows\system32\SHELL32.dll
0x000007feff830000 - 0x000007feffa33000 	C:\windows\system32\ole32.dll
0x000007fefd5b0000 - 0x000007fefd5bf000 	C:\windows\system32\profapi.dll
0x000000006e500000 - 0x000000006e51a000 	D:\jre8\bin\net.dll
0x000007fefcd90000 - 0x000007fefcde5000 	C:\windows\system32\mswsock.dll
0x000007fefcd80000 - 0x000007fefcd87000 	C:\windows\System32\wship6.dll
0x000000006e4e0000 - 0x000000006e4f1000 	D:\jre8\bin\nio.dll

VM Arguments:
jvm_args: -Dmaven.home=EMBEDDED -Dclassworlds.conf=D:\WorkSpace\Java\DLUX\.metadata\.plugins\org.eclipse.m2e.launching\launches\m2conf2444952810372820272.tmp -Dmaven.multiModuleProjectDirectory=D:\eclipseLuna\${workspace_loc:\dluxDemo} -Dfile.encoding=GBK 
java_command: org.codehaus.plexus.classworlds.launcher.Launcher -B -s D:\apache-maven-3.1.1\conf\settings.xml clean install -DskipTests -Dcheckstyle.skip
java_class_path (initial): /D:/eclipseLuna/plugins/org.eclipse.m2e.maven.runtime_1.6.2.20150902-0001/jars/plexus-classworlds-2.5.2.jar
Launcher Type: SUN_STANDARD

Environment Variables:
JAVA_HOME=D:\jdk8
CLASSPATH=.;D:\jdk8\lib\dt.jar;D:\jdk8\lib\tools.jar;
PATH=D:/jre8/bin/server;D:/jre8/bin;D:/jre8/lib/amd64;C:\ProgramData\Oracle\Java\javapath;C:\windows\system32;C:\windows;C:\windows\System32\Wbem;C:\windows\System32\WindowsPowerShell\v1.0\;D:\jdk8\bin;D:\jdk8\jre\bin;D:\mysql-5.6.25-winx64\bin;D:\apache-maven-3.1.1\bin;D:\Python27;C:\Program Files\WIDCOMM\Bluetooth Software\;C:\Program Files\WIDCOMM\Bluetooth Software\syswow64;D:\Git\bin;D:\Git\libexec\git-core;D:\NODEJS\;D:\SVN\bin;C:\Users\yongjie.wyj\AppData\Roaming\npm;D:\eclipseLuna;
USERNAME=yongjie.wyj
OS=Windows_NT
PROCESSOR_IDENTIFIER=Intel64 Family 6 Model 69 Stepping 1, GenuineIntel



---------------  S Y S T E M  ---------------

OS: Windows 7 , 64 bit Build 7601 (6.1.7601.19045)

CPU:total 4 (2 cores per cpu, 2 threads per core) family 6 model 69 stepping 1, cmov, cx8, fxsr, mmx, sse, sse2, sse3, ssse3, sse4.1, sse4.2, popcnt, avx, avx2, aes, clmul, erms, lzcnt, ht, tsc, tscinvbit, bmi1, bmi2

Memory: 4k page, physical 8308192k(964496k free), swap 8306356k(5144k free)

vm_info: Java HotSpot(TM) 64-Bit Server VM (25.65-b01) for windows-amd64 JRE (1.8.0_65-b17), built on Oct  6 2015 16:39:20 by "java_re" with MS VC++ 10.0 (VS2010)

time: Wed Jan 13 13:31:32 2016
elapsed time: 10 seconds (0d 0h 0m 10s)

